[20:16:06] [Client thread/INFO]: Setting user: Player354
[20:16:10] [Client thread/INFO]: LWJGL Version: 2.9.2
[20:16:14] [Client thread/INFO]: Reloading ResourceManager: Default, FMLFileResourcePack:Forge Mod Loader, FMLFileResourcePack:Minecraft Forge, FMLFileResourcePack:Example Mod, FMLFileResourcePack:rvergis_mymod
[20:16:14] [Sound Library Loader/INFO]: Starting up SoundSystem...
[20:16:15] [Thread-8/INFO]: Initializing LWJGL OpenAL
[20:16:15] [Thread-8/INFO]: (The LWJGL binding of OpenAL.  For more information, see http://www.lwjgl.org)
[20:16:15] [Thread-8/INFO]: OpenAL initialized.
[20:16:15] [Sound Library Loader/INFO]: Sound engine started
[20:16:18] [Client thread/INFO]: Created: 512x512 textures-atlas
[20:16:20] [Client thread/INFO]: Reloading ResourceManager: Default, FMLFileResourcePack:Forge Mod Loader, FMLFileResourcePack:Minecraft Forge, FMLFileResourcePack:Example Mod, FMLFileResourcePack:rvergis_mymod
[20:16:20] [Client thread/INFO]: SoundSystem shutting down...
[20:16:20] [Client thread/WARN]: Author: Paul Lamb, www.paulscode.com
[20:16:20] [Sound Library Loader/INFO]: Starting up SoundSystem...
[20:16:20] [Thread-10/INFO]: Initializing LWJGL OpenAL
[20:16:20] [Thread-10/INFO]: (The LWJGL binding of OpenAL.  For more information, see http://www.lwjgl.org)
[20:16:20] [Thread-10/INFO]: OpenAL initialized.
[20:16:21] [Sound Library Loader/INFO]: Sound engine started
[20:16:22] [Client thread/INFO]: Created: 512x512 textures-atlas
[20:16:54] [Server thread/INFO]: Starting integrated minecraft server version 1.8
[20:16:54] [Server thread/INFO]: Generating keypair
[20:16:54] [Server thread/INFO]: Preparing start region for level 0
[20:16:55] [Server thread/INFO]: Preparing spawn area: 32%
[20:16:56] [Server thread/INFO]: Changing view distance to 12, from 10
[20:17:03] [Server thread/INFO]: Player354[local:E:7dc2d257] logged in with entity id 202 at (-91.46913063008623, 67.0, 198.58070041649174)
[20:17:03] [Server thread/INFO]: Player354 joined the game
[20:17:12] [pool-2-thread-1/WARN]: Couldn't look up profile properties for com.mojang.authlib.GameProfile@54c8b990[id=ab5af6cc-0975-34e7-baca-b908d8aa661c,name=Player354,properties={},legacy=false]
com.mojang.authlib.exceptions.AuthenticationException: The client has sent too many requests within a certain amount of time
	at com.mojang.authlib.yggdrasil.YggdrasilAuthenticationService.makeRequest(YggdrasilAuthenticationService.java:65) ~[YggdrasilAuthenticationService.class:?]
	at com.mojang.authlib.yggdrasil.YggdrasilMinecraftSessionService.fillGameProfile(YggdrasilMinecraftSessionService.java:158) [YggdrasilMinecraftSessionService.class:?]
	at com.mojang.authlib.yggdrasil.YggdrasilMinecraftSessionService$1.load(YggdrasilMinecraftSessionService.java:53) [YggdrasilMinecraftSessionService$1.class:?]
	at com.mojang.authlib.yggdrasil.YggdrasilMinecraftSessionService$1.load(YggdrasilMinecraftSessionService.java:50) [YggdrasilMinecraftSessionService$1.class:?]
	at com.google.common.cache.LocalCache$LoadingValueReference.loadFuture(LocalCache.java:3524) [guava-17.0.jar:?]
	at com.google.common.cache.LocalCache$Segment.loadSync(LocalCache.java:2317) [guava-17.0.jar:?]
	at com.google.common.cache.LocalCache$Segment.lockedGetOrLoad(LocalCache.java:2280) [guava-17.0.jar:?]
	at com.google.common.cache.LocalCache$Segment.get(LocalCache.java:2195) [guava-17.0.jar:?]
	at com.google.common.cache.LocalCache.get(LocalCache.java:3934) [guava-17.0.jar:?]
	at com.google.common.cache.LocalCache.getOrLoad(LocalCache.java:3938) [guava-17.0.jar:?]
	at com.google.common.cache.LocalCache$LocalLoadingCache.get(LocalCache.java:4821) [guava-17.0.jar:?]
	at com.google.common.cache.LocalCache$LocalLoadingCache.getUnchecked(LocalCache.java:4827) [guava-17.0.jar:?]
	at com.mojang.authlib.yggdrasil.YggdrasilMinecraftSessionService.fillProfileProperties(YggdrasilMinecraftSessionService.java:148) [YggdrasilMinecraftSessionService.class:?]
	at net.minecraft.client.resources.SkinManager$3.run(SkinManager.java:138) [SkinManager$3.class:?]
	at java.util.concurrent.Executors$RunnableAdapter.call(Executors.java:511) [?:1.8.0_45]
	at java.util.concurrent.FutureTask.run(FutureTask.java:266) [?:1.8.0_45]
	at java.util.concurrent.ThreadPoolExecutor.runWorker(ThreadPoolExecutor.java:1142) [?:1.8.0_45]
	at java.util.concurrent.ThreadPoolExecutor$Worker.run(ThreadPoolExecutor.java:617) [?:1.8.0_45]
	at java.lang.Thread.run(Thread.java:745) [?:1.8.0_45]
[20:17:25] [Server thread/INFO]: Player354 has just earned the achievement [Taking Inventory]
[20:17:25] [Client thread/INFO]: [CHAT] Player354 has just earned the achievement [Taking Inventory]
[20:18:41] [Server thread/INFO]: Saving and pausing game...
[20:18:41] [Server thread/INFO]: Saving chunks for level 'TinkerAcademyWorld Creative'/Overworld
[20:18:41] [Server thread/INFO]: Saving chunks for level 'TinkerAcademyWorld Creative'/Nether
[20:18:41] [Server thread/INFO]: Saving chunks for level 'TinkerAcademyWorld Creative'/The End
[20:20:35] [Client Shutdown Thread/INFO]: Stopping server
